<?xml version="1.0" encoding="UTF-8"?>
<<<<<<< HEAD
<<<<<<< HEAD
<testsuite xmlns:xsi="http://www.w3.org/2001/XMLSchema-instance" xsi:noNamespaceSchemaLocation="https://maven.apache.org/surefire/maven-surefire-plugin/xsd/surefire-test-report-3.0.xsd" version="3.0" name="ca.mcmaster.cas.se2aa4.a2.io.MeshFactoryTest" time="0.137" tests="2" errors="0" skipped="0" failures="0">
=======
<testsuite xmlns:xsi="http://www.w3.org/2001/XMLSchema-instance" xsi:noNamespaceSchemaLocation="https://maven.apache.org/surefire/maven-surefire-plugin/xsd/surefire-test-report-3.0.xsd" version="3.0" name="ca.mcmaster.cas.se2aa4.a2.io.MeshFactoryTest" time="0.346" tests="2" errors="0" skipped="0" failures="0">
>>>>>>> c2f817d01cff06cb0abee4b4ab5acdfacb39743a
=======
<testsuite xmlns:xsi="http://www.w3.org/2001/XMLSchema-instance" xsi:noNamespaceSchemaLocation="https://maven.apache.org/surefire/maven-surefire-plugin/xsd/surefire-test-report-3.0.xsd" version="3.0" name="ca.mcmaster.cas.se2aa4.a2.io.MeshFactoryTest" time="0.346" tests="2" errors="0" skipped="0" failures="0">
>>>>>>> c2f817d01cff06cb0abee4b4ab5acdfacb39743a
  <properties>
    <property name="java.specification.version" value="19"/>
    <property name="sun.cpu.isalist" value="amd64"/>
    <property name="sun.jnu.encoding" value="Cp1252"/>
    <property name="java.class.path" value="C:\Users\aidan\Documents\School\2AA4\A3Final\a2---mesh-generator-team35\io\target\test-classes;C:\Users\aidan\Documents\School\2AA4\A3Final\a2---mesh-generator-team35\io\target\classes;C:\Users\aidan\.m2\repository\com\google\protobuf\protobuf-java\3.21.12\protobuf-java-3.21.12.jar;C:\Users\aidan\.m2\repository\org\junit\jupiter\junit-jupiter\5.9.2\junit-jupiter-5.9.2.jar;C:\Users\aidan\.m2\repository\org\junit\jupiter\junit-jupiter-api\5.9.2\junit-jupiter-api-5.9.2.jar;C:\Users\aidan\.m2\repository\org\opentest4j\opentest4j\1.2.0\opentest4j-1.2.0.jar;C:\Users\aidan\.m2\repository\org\junit\platform\junit-platform-commons\1.9.2\junit-platform-commons-1.9.2.jar;C:\Users\aidan\.m2\repository\org\apiguardian\apiguardian-api\1.1.2\apiguardian-api-1.1.2.jar;C:\Users\aidan\.m2\repository\org\junit\jupiter\junit-jupiter-params\5.9.2\junit-jupiter-params-5.9.2.jar;C:\Users\aidan\.m2\repository\org\junit\jupiter\junit-jupiter-engine\5.9.2\junit-jupiter-engine-5.9.2.jar;C:\Users\aidan\.m2\repository\org\junit\platform\junit-platform-engine\1.9.2\junit-platform-engine-1.9.2.jar;"/>
    <property name="java.vm.vendor" value="Oracle Corporation"/>
    <property name="sun.arch.data.model" value="64"/>
    <property name="user.variant" value=""/>
    <property name="java.vendor.url" value="https://java.oracle.com/"/>
    <property name="user.timezone" value="America/Toronto"/>
    <property name="os.name" value="Windows 10"/>
    <property name="java.vm.specification.version" value="19"/>
    <property name="sun.java.launcher" value="SUN_STANDARD"/>
    <property name="user.country" value="CA"/>
<<<<<<< HEAD
    <property name="sun.boot.library.path" value="C:\Program Files\Java\jdk-19\bin"/>
    <property name="sun.java.command" value="C:\Users\aidan\AppData\Local\Temp\surefire4760922271805575456\surefirebooter6680102505373118538.jar C:\Users\aidan\AppData\Local\Temp\surefire4760922271805575456 2023-03-26T19-17-13_194-jvmRun1 surefire6028285868065194832tmp surefire_02809526528569600193tmp"/>
=======
    <property name="sun.boot.library.path" value="C:\Program Files\Java\jdk-17.0.5\bin"/>
    <property name="sun.java.command" value="C:\Users\perry\AppData\Local\Temp\surefire18385336663264798036\surefirebooter11599266635506668790.jar C:\Users\perry\AppData\Local\Temp\surefire18385336663264798036 2023-03-26T19-14-22_154-jvmRun1 surefire7446666398748322769tmp surefire_017408637344472586227tmp"/>
<<<<<<< HEAD
>>>>>>> c2f817d01cff06cb0abee4b4ab5acdfacb39743a
=======
>>>>>>> c2f817d01cff06cb0abee4b4ab5acdfacb39743a
    <property name="jdk.debug" value="release"/>
    <property name="surefire.test.class.path" value="C:\Users\aidan\Documents\School\2AA4\A3Final\a2---mesh-generator-team35\io\target\test-classes;C:\Users\aidan\Documents\School\2AA4\A3Final\a2---mesh-generator-team35\io\target\classes;C:\Users\aidan\.m2\repository\com\google\protobuf\protobuf-java\3.21.12\protobuf-java-3.21.12.jar;C:\Users\aidan\.m2\repository\org\junit\jupiter\junit-jupiter\5.9.2\junit-jupiter-5.9.2.jar;C:\Users\aidan\.m2\repository\org\junit\jupiter\junit-jupiter-api\5.9.2\junit-jupiter-api-5.9.2.jar;C:\Users\aidan\.m2\repository\org\opentest4j\opentest4j\1.2.0\opentest4j-1.2.0.jar;C:\Users\aidan\.m2\repository\org\junit\platform\junit-platform-commons\1.9.2\junit-platform-commons-1.9.2.jar;C:\Users\aidan\.m2\repository\org\apiguardian\apiguardian-api\1.1.2\apiguardian-api-1.1.2.jar;C:\Users\aidan\.m2\repository\org\junit\jupiter\junit-jupiter-params\5.9.2\junit-jupiter-params-5.9.2.jar;C:\Users\aidan\.m2\repository\org\junit\jupiter\junit-jupiter-engine\5.9.2\junit-jupiter-engine-5.9.2.jar;C:\Users\aidan\.m2\repository\org\junit\platform\junit-platform-engine\1.9.2\junit-platform-engine-1.9.2.jar;"/>
    <property name="sun.cpu.endian" value="little"/>
    <property name="user.home" value="C:\Users\aidan"/>
    <property name="user.language" value="en"/>
    <property name="java.specification.vendor" value="Oracle Corporation"/>
    <property name="java.version.date" value="2023-01-17"/>
    <property name="java.home" value="C:\Program Files\Java\jdk-19"/>
    <property name="file.separator" value="\"/>
    <property name="basedir" value="C:\Users\aidan\Documents\School\2AA4\A3Final\a2---mesh-generator-team35\io"/>
    <property name="java.vm.compressedOopsMode" value="Zero based"/>
    <property name="line.separator" value="&#10;"/>
    <property name="java.vm.specification.vendor" value="Oracle Corporation"/>
    <property name="java.specification.name" value="Java Platform API Specification"/>
<<<<<<< HEAD
<<<<<<< HEAD
    <property name="surefire.real.class.path" value="C:\Users\aidan\AppData\Local\Temp\surefire4760922271805575456\surefirebooter6680102505373118538.jar"/>
=======
    <property name="surefire.real.class.path" value="C:\Users\perry\AppData\Local\Temp\surefire18385336663264798036\surefirebooter11599266635506668790.jar"/>
>>>>>>> c2f817d01cff06cb0abee4b4ab5acdfacb39743a
=======
    <property name="surefire.real.class.path" value="C:\Users\perry\AppData\Local\Temp\surefire18385336663264798036\surefirebooter11599266635506668790.jar"/>
>>>>>>> c2f817d01cff06cb0abee4b4ab5acdfacb39743a
    <property name="user.script" value=""/>
    <property name="sun.management.compiler" value="HotSpot 64-Bit Tiered Compilers"/>
    <property name="java.runtime.version" value="19.0.2+7-44"/>
    <property name="user.name" value="aidan"/>
    <property name="stdout.encoding" value="Cp1252"/>
    <property name="path.separator" value=";"/>
    <property name="os.version" value="10.0"/>
    <property name="java.runtime.name" value="Java(TM) SE Runtime Environment"/>
    <property name="file.encoding" value="UTF-8"/>
    <property name="java.vm.name" value="Java HotSpot(TM) 64-Bit Server VM"/>
    <property name="localRepository" value="C:\Users\aidan\.m2\repository"/>
    <property name="java.vendor.url.bug" value="https://bugreport.java.com/bugreport/"/>
    <property name="java.io.tmpdir" value="C:\Users\aidan\AppData\Local\Temp\"/>
    <property name="java.version" value="19.0.2"/>
    <property name="user.dir" value="C:\Users\aidan\Documents\School\2AA4\A3Final\a2---mesh-generator-team35\io"/>
    <property name="os.arch" value="amd64"/>
    <property name="java.vm.specification.name" value="Java Virtual Machine Specification"/>
    <property name="sun.os.patch.level" value=""/>
    <property name="native.encoding" value="Cp1252"/>
    <property name="java.library.path" value="C:\Program Files\Java\jdk-19\bin;C:\Windows\Sun\Java\bin;C:\Windows\system32;C:\Windows;C:\Users\aidan\bin;C:\Program Files\Git\mingw64\bin;C:\Program Files\Git\usr\local\bin;C:\Program Files\Git\usr\bin;C:\Program Files\Git\usr\bin;C:\Program Files\Git\mingw64\bin;C:\Program Files\Git\usr\bin;C:\Users\aidan\bin;C:\Program Files\Common Files\Oracle\Java\javapath;C:\Program Files (x86)\Common Files\Oracle\Java\javapath;C:\Python310;C:\Program Files\Python311\Scripts;C:\Program Files\Python311;C:\Program Files\Java\jdk-19\bin;C:\Program Files\Maven\bin;C:\Program Files\Git\cmd;C:\Program Files\Docker\Docker\resources\bin;C:\apache-maven-3.8.7-bin\apache-maven-3.8.7\bin;C:\pmd-bin-6.54.0;C:\Users\aidan\AppData\Local\Programs\Microsoft VS Code\bin;C:\Users\aidan\AppData\Roaming\Python\Python311\Scripts;C:\Program Files\Git\usr\bin\vendor_perl;C:\Program Files\Git\usr\bin\core_perl;."/>
    <property name="java.vm.info" value="mixed mode, sharing"/>
    <property name="stderr.encoding" value="Cp1252"/>
    <property name="java.vendor" value="Oracle Corporation"/>
    <property name="java.vm.version" value="19.0.2+7-44"/>
    <property name="sun.io.unicode.encoding" value="UnicodeLittle"/>
    <property name="java.class.version" value="63.0"/>
  </properties>
<<<<<<< HEAD
<<<<<<< HEAD
  <testcase name="writeMeshToFile" classname="ca.mcmaster.cas.se2aa4.a2.io.MeshFactoryTest" time="0.108"/>
  <testcase name="writeAndRead" classname="ca.mcmaster.cas.se2aa4.a2.io.MeshFactoryTest" time="0.01"/>
=======
  <testcase name="writeMeshToFile" classname="ca.mcmaster.cas.se2aa4.a2.io.MeshFactoryTest" time="0.296"/>
  <testcase name="writeAndRead" classname="ca.mcmaster.cas.se2aa4.a2.io.MeshFactoryTest" time="0.011"/>
>>>>>>> c2f817d01cff06cb0abee4b4ab5acdfacb39743a
=======
  <testcase name="writeMeshToFile" classname="ca.mcmaster.cas.se2aa4.a2.io.MeshFactoryTest" time="0.296"/>
  <testcase name="writeAndRead" classname="ca.mcmaster.cas.se2aa4.a2.io.MeshFactoryTest" time="0.011"/>
>>>>>>> c2f817d01cff06cb0abee4b4ab5acdfacb39743a
</testsuite>