<?xml version="1.0" encoding="UTF-8"?>
<<<<<<< HEAD
<testsuite xmlns:xsi="http://www.w3.org/2001/XMLSchema-instance" xsi:noNamespaceSchemaLocation="https://maven.apache.org/surefire/maven-surefire-plugin/xsd/surefire-test-report-3.0.xsd" version="3.0" name="ca.mcmaster.cas.se2aa4.a2.io.MeshFactoryTest" time="0.141" tests="2" errors="0" skipped="0" failures="0">
=======
<<<<<<< HEAD
<testsuite xmlns:xsi="http://www.w3.org/2001/XMLSchema-instance" xsi:noNamespaceSchemaLocation="https://maven.apache.org/surefire/maven-surefire-plugin/xsd/surefire-test-report-3.0.xsd" version="3.0" name="ca.mcmaster.cas.se2aa4.a2.io.MeshFactoryTest" time="0.425" tests="2" errors="0" skipped="0" failures="0">
=======
<testsuite xmlns:xsi="http://www.w3.org/2001/XMLSchema-instance" xsi:noNamespaceSchemaLocation="https://maven.apache.org/surefire/maven-surefire-plugin/xsd/surefire-test-report-3.0.xsd" version="3.0" name="ca.mcmaster.cas.se2aa4.a2.io.MeshFactoryTest" time="0.131" tests="2" errors="0" skipped="0" failures="0">
>>>>>>> b4f3239fccbad8215a5fb7b48b6fb8d24ec46a6a
>>>>>>> cedf427146eeda01b3b03d9431890c2961fd3120
  <properties>
    <property name="java.specification.version" value="17"/>
    <property name="sun.cpu.isalist" value="amd64"/>
    <property name="sun.jnu.encoding" value="Cp1252"/>
    <property name="java.class.path" value="C:\Users\perry\OneDrive - McMaster University\Desktop\Year 2 Sem 2\Software Design I (2AA4)\Assignment 3\a2---mesh-generator-team35\io\target\test-classes;C:\Users\perry\OneDrive - McMaster University\Desktop\Year 2 Sem 2\Software Design I (2AA4)\Assignment 3\a2---mesh-generator-team35\io\target\classes;C:\Users\perry\.m2\repository\com\google\protobuf\protobuf-java\3.21.12\protobuf-java-3.21.12.jar;C:\Users\perry\.m2\repository\org\junit\jupiter\junit-jupiter\5.9.2\junit-jupiter-5.9.2.jar;C:\Users\perry\.m2\repository\org\junit\jupiter\junit-jupiter-api\5.9.2\junit-jupiter-api-5.9.2.jar;C:\Users\perry\.m2\repository\org\opentest4j\opentest4j\1.2.0\opentest4j-1.2.0.jar;C:\Users\perry\.m2\repository\org\junit\platform\junit-platform-commons\1.9.2\junit-platform-commons-1.9.2.jar;C:\Users\perry\.m2\repository\org\apiguardian\apiguardian-api\1.1.2\apiguardian-api-1.1.2.jar;C:\Users\perry\.m2\repository\org\junit\jupiter\junit-jupiter-params\5.9.2\junit-jupiter-params-5.9.2.jar;C:\Users\perry\.m2\repository\org\junit\jupiter\junit-jupiter-engine\5.9.2\junit-jupiter-engine-5.9.2.jar;C:\Users\perry\.m2\repository\org\junit\platform\junit-platform-engine\1.9.2\junit-platform-engine-1.9.2.jar;"/>
    <property name="java.vm.vendor" value="Oracle Corporation"/>
    <property name="sun.arch.data.model" value="64"/>
    <property name="user.variant" value=""/>
    <property name="java.vendor.url" value="https://java.oracle.com/"/>
    <property name="user.timezone" value="America/Toronto"/>
    <property name="os.name" value="Windows 10"/>
    <property name="java.vm.specification.version" value="17"/>
    <property name="sun.java.launcher" value="SUN_STANDARD"/>
    <property name="user.country" value="CA"/>
<<<<<<< HEAD
    <property name="sun.boot.library.path" value="C:\Program Files\Java\jdk-17.0.5\bin"/>
    <property name="sun.java.command" value="C:\Users\perry\AppData\Local\Temp\surefire13778614514807893253\surefirebooter13457511776305334955.jar C:\Users\perry\AppData\Local\Temp\surefire13778614514807893253 2023-03-25T14-44-23_980-jvmRun1 surefire9112823887958399409tmp surefire_04881236785478411657tmp"/>
=======
    <property name="sun.boot.library.path" value="C:\Program Files\Java\jdk-19\bin"/>
<<<<<<< HEAD
    <property name="sun.java.command" value="C:\Users\aidan\AppData\Local\Temp\surefire734662034208450552\surefirebooter16826257465441654796.jar C:\Users\aidan\AppData\Local\Temp\surefire734662034208450552 2023-03-25T14-50-17_082-jvmRun1 surefire16707245289836006068tmp surefire_0999679892012345917tmp"/>
=======
    <property name="sun.java.command" value="C:\Users\aidan\AppData\Local\Temp\surefire1648357180953725237\surefirebooter9904800388926712113.jar C:\Users\aidan\AppData\Local\Temp\surefire1648357180953725237 2023-03-25T14-14-22_488-jvmRun1 surefire5360666042238333386tmp surefire_014489101381005785082tmp"/>
>>>>>>> b4f3239fccbad8215a5fb7b48b6fb8d24ec46a6a
>>>>>>> cedf427146eeda01b3b03d9431890c2961fd3120
    <property name="jdk.debug" value="release"/>
    <property name="surefire.test.class.path" value="C:\Users\perry\OneDrive - McMaster University\Desktop\Year 2 Sem 2\Software Design I (2AA4)\Assignment 3\a2---mesh-generator-team35\io\target\test-classes;C:\Users\perry\OneDrive - McMaster University\Desktop\Year 2 Sem 2\Software Design I (2AA4)\Assignment 3\a2---mesh-generator-team35\io\target\classes;C:\Users\perry\.m2\repository\com\google\protobuf\protobuf-java\3.21.12\protobuf-java-3.21.12.jar;C:\Users\perry\.m2\repository\org\junit\jupiter\junit-jupiter\5.9.2\junit-jupiter-5.9.2.jar;C:\Users\perry\.m2\repository\org\junit\jupiter\junit-jupiter-api\5.9.2\junit-jupiter-api-5.9.2.jar;C:\Users\perry\.m2\repository\org\opentest4j\opentest4j\1.2.0\opentest4j-1.2.0.jar;C:\Users\perry\.m2\repository\org\junit\platform\junit-platform-commons\1.9.2\junit-platform-commons-1.9.2.jar;C:\Users\perry\.m2\repository\org\apiguardian\apiguardian-api\1.1.2\apiguardian-api-1.1.2.jar;C:\Users\perry\.m2\repository\org\junit\jupiter\junit-jupiter-params\5.9.2\junit-jupiter-params-5.9.2.jar;C:\Users\perry\.m2\repository\org\junit\jupiter\junit-jupiter-engine\5.9.2\junit-jupiter-engine-5.9.2.jar;C:\Users\perry\.m2\repository\org\junit\platform\junit-platform-engine\1.9.2\junit-platform-engine-1.9.2.jar;"/>
    <property name="sun.cpu.endian" value="little"/>
    <property name="user.home" value="C:\Users\perry"/>
    <property name="user.language" value="en"/>
    <property name="java.specification.vendor" value="Oracle Corporation"/>
    <property name="java.version.date" value="2022-10-18"/>
    <property name="java.home" value="C:\Program Files\Java\jdk-17.0.5"/>
    <property name="file.separator" value="\"/>
    <property name="basedir" value="C:\Users\perry\OneDrive - McMaster University\Desktop\Year 2 Sem 2\Software Design I (2AA4)\Assignment 3\a2---mesh-generator-team35\io"/>
    <property name="java.vm.compressedOopsMode" value="Zero based"/>
    <property name="line.separator" value="&#10;"/>
    <property name="java.vm.specification.vendor" value="Oracle Corporation"/>
    <property name="java.specification.name" value="Java Platform API Specification"/>
<<<<<<< HEAD
    <property name="surefire.real.class.path" value="C:\Users\aidan\AppData\Local\Temp\surefire734662034208450552\surefirebooter16826257465441654796.jar"/>
=======
<<<<<<< HEAD
    <property name="surefire.real.class.path" value="C:\Users\perry\AppData\Local\Temp\surefire13778614514807893253\surefirebooter13457511776305334955.jar"/>
=======
    <property name="surefire.real.class.path" value="C:\Users\aidan\AppData\Local\Temp\surefire1648357180953725237\surefirebooter9904800388926712113.jar"/>
>>>>>>> b4f3239fccbad8215a5fb7b48b6fb8d24ec46a6a
>>>>>>> cedf427146eeda01b3b03d9431890c2961fd3120
    <property name="user.script" value=""/>
    <property name="sun.management.compiler" value="HotSpot 64-Bit Tiered Compilers"/>
    <property name="java.runtime.version" value="17.0.5+9-LTS-191"/>
    <property name="user.name" value="perry"/>
    <property name="path.separator" value=";"/>
    <property name="os.version" value="10.0"/>
    <property name="java.runtime.name" value="Java(TM) SE Runtime Environment"/>
    <property name="file.encoding" value="Cp1252"/>
    <property name="java.vm.name" value="Java HotSpot(TM) 64-Bit Server VM"/>
    <property name="localRepository" value="C:\Users\perry\.m2\repository"/>
    <property name="java.vendor.url.bug" value="https://bugreport.java.com/bugreport/"/>
    <property name="java.io.tmpdir" value="C:\Users\perry\AppData\Local\Temp\"/>
    <property name="java.version" value="17.0.5"/>
    <property name="user.dir" value="C:\Users\perry\OneDrive - McMaster University\Desktop\Year 2 Sem 2\Software Design I (2AA4)\Assignment 3\a2---mesh-generator-team35\io"/>
    <property name="os.arch" value="amd64"/>
    <property name="java.vm.specification.name" value="Java Virtual Machine Specification"/>
    <property name="sun.os.patch.level" value=""/>
    <property name="native.encoding" value="Cp1252"/>
    <property name="java.library.path" value="C:\Program Files\Java\jdk-17.0.5\bin;C:\WINDOWS\Sun\Java\bin;C:\WINDOWS\system32;C:\WINDOWS;C:\Users\perry\bin;C:\Program Files\Git\mingw64\bin;C:\Program Files\Git\usr\local\bin;C:\Program Files\Git\usr\bin;C:\Program Files\Git\usr\bin;C:\Program Files\Git\mingw64\bin;C:\Program Files\Git\usr\bin;C:\Users\perry\bin;C:\Program Files\Common Files\Oracle\Java\javapath;C:\WINDOWS\system32;C:\WINDOWS;C:\WINDOWS\System32\Wbem;C:\WINDOWS\System32\WindowsPowerShell\v1.0;C:\WINDOWS\System32\OpenSSH;C:\Program Files\Acer ProShield;C:\Program Files\Acer ProShield\x86;C:\Program Files\Microsoft SQL Server\120\Tools\Binn;C:\Program Files\Quanser\QUARC;C:\Program Files\MATLAB\R2021b\bin;C:\Program Files\Common Files\Quanser\hardware;C:\Program Files (x86)\Microsoft SQL Server\160\Tools\Binn;C:\Program Files\Microsoft SQL Server\160\Tools\Binn;C:\Program Files\Microsoft SQL Server\Client SDK\ODBC\170\Tools\Binn;C:\Program Files\Microsoft SQL Server\160\DTS\Binn;C:\Program Files (x86)\Microsoft SQL Server\150\DTS\Binn;C:\Program Files\Azure Data Studio\bin;C:\Program Files\Java\jdk-17.0.5\bin;C:\Users\perry\Downloads\apache-maven-3.8.7-bin\apache-maven-3.8.7\bin;C:\Program Files\dotnet;C:\Users\perry\AppData\Local\Programs\Python\Python311\Scripts;C:\Users\perry\AppData\Local\Programs\Python\Python311;C:\Users\perry\AppData\Local\Microsoft\WindowsApps;C:\intelFPGA\17.1\modelsim_ase\win32aloem;C:\Program Files (x86)\SSH Communications Security\SSH Secure Shell;C:\Program Files\Azure Data Studio\bin;C:\Users\perry\AppData\Local\Programs\Microsoft VS Code\bin;C:\Program Files\Git\usr\bin\vendor_perl;C:\Program Files\Git\usr\bin\core_perl;."/>
    <property name="java.vm.info" value="mixed mode, sharing"/>
    <property name="java.vendor" value="Oracle Corporation"/>
    <property name="java.vm.version" value="17.0.5+9-LTS-191"/>
    <property name="sun.io.unicode.encoding" value="UnicodeLittle"/>
    <property name="java.class.version" value="61.0"/>
  </properties>
<<<<<<< HEAD
  <testcase name="writeMeshToFile" classname="ca.mcmaster.cas.se2aa4.a2.io.MeshFactoryTest" time="0.115"/>
  <testcase name="writeAndRead" classname="ca.mcmaster.cas.se2aa4.a2.io.MeshFactoryTest" time="0"/>
=======
<<<<<<< HEAD
  <testcase name="writeMeshToFile" classname="ca.mcmaster.cas.se2aa4.a2.io.MeshFactoryTest" time="0.357"/>
  <testcase name="writeAndRead" classname="ca.mcmaster.cas.se2aa4.a2.io.MeshFactoryTest" time="0.012"/>
=======
  <testcase name="writeMeshToFile" classname="ca.mcmaster.cas.se2aa4.a2.io.MeshFactoryTest" time="0.099"/>
  <testcase name="writeAndRead" classname="ca.mcmaster.cas.se2aa4.a2.io.MeshFactoryTest" time="0.011"/>
>>>>>>> b4f3239fccbad8215a5fb7b48b6fb8d24ec46a6a
>>>>>>> cedf427146eeda01b3b03d9431890c2961fd3120
</testsuite>